<?xml version="1.0" encoding="UTF-8"?>
<testsuite name="ru.netology.test.PaymentCreditPageTest" tests="1" skipped="0" failures="0" errors="0" timestamp="2023-10-08T17:13:05" hostname="WIN-EQ0P68TLT0Q" time="7.714">
  <properties/>
  <testcase name="Should show error message when pay on credit and cardnumber field empty" classname="ru.netology.test.PaymentCreditPageTest" time="7.714"/>
  <system-out><![CDATA[]]></system-out>
  <system-err><![CDATA[SLF4J: No SLF4J providers were found.
SLF4J: Defaulting to no-operation (NOP) logger implementation
SLF4J: See https://www.slf4j.org/codes.html#noProviders for further details.
окт. 08, 2023 8:13:11 PM org.openqa.selenium.devtools.CdpVersionFinder findNearestMatch
WARNING: Unable to find an exact match for CDP version 117, so returning the closest version found: 115
]]></system-err>
</testsuite>
